==27600== Memcheck, a memory error detector
==27600== Copyright (C) 2002-2017, and GNU GPL'd, by Julian Seward et al.
==27600== Using Valgrind-3.13.0 and LibVEX; rerun with -h for copyright info
==27600== Command: ./main
==27600== Parent PID: 3758
==27600== 
==27600== 
==27600== HEAP SUMMARY:
==27600==     in use at exit: 16,731 bytes in 23 blocks
==27600==   total heap usage: 158,720 allocs, 158,697 frees, 55,170,778 bytes allocated
==27600== 
==27600== 105 bytes in 2 blocks are definitely lost in loss record 6 of 8
==27600==    at 0x4C3089F: operator new[](unsigned long) (in /usr/lib/valgrind/vgpreload_memcheck-amd64-linux.so)
==27600==    by 0x162AE7: yylex() (sql.l:77)
==27600==    by 0x164B66: yyparse() (sql.tab.cpp:1356)
==27600==    by 0x1675E5: main (sql.y:497)
==27600== 
==27600== 120 bytes in 15 blocks are definitely lost in loss record 7 of 8
==27600==    at 0x4C3089F: operator new[](unsigned long) (in /usr/lib/valgrind/vgpreload_memcheck-amd64-linux.so)
==27600==    by 0x162B9F: yylex() (sql.l:89)
==27600==    by 0x164B66: yyparse() (sql.tab.cpp:1356)
==27600==    by 0x1675E5: main (sql.y:497)
==27600== 
==27600== LEAK SUMMARY:
==27600==    definitely lost: 225 bytes in 17 blocks
==27600==    indirectly lost: 0 bytes in 0 blocks
==27600==      possibly lost: 0 bytes in 0 blocks
==27600==    still reachable: 16,506 bytes in 6 blocks
==27600==         suppressed: 0 bytes in 0 blocks
==27600== Reachable blocks (those to which a pointer was found) are not shown.
==27600== To see them, rerun with: --leak-check=full --show-leak-kinds=all
==27600== 
==27600== For counts of detected and suppressed errors, rerun with: -v
==27600== ERROR SUMMARY: 2 errors from 2 contexts (suppressed: 0 from 0)
